<?xml version="1.0" encoding="UTF-8"?>
<testng-results ignored="0" total="1" passed="1" failed="0" skipped="0">
  <reporter-output>
  </reporter-output>
  <suite started-at="2022-04-09T11:41:04 IST" name="Default suite" finished-at="2022-04-09T11:41:40 IST" duration-ms="35925">
    <groups>
    </groups>
    <test started-at="2022-04-09T11:41:04 IST" name="Default test" finished-at="2022-04-09T11:41:40 IST" duration-ms="35925">
      <class name="Project_Maeven.IrctcFlightSearchAutomationbo">
        <test-method signature="test()[pri:0, instance:Project_Maeven.IrctcFlightSearchAutomationbo@71def8f8]" started-at="2022-04-09T11:41:04 IST" name="test" finished-at="2022-04-09T11:41:40 IST" duration-ms="35874" status="PASS">
          <reporter-output>
          </reporter-output>
        </test-method> <!-- test -->
      </class> <!-- Project_Maeven.IrctcFlightSearchAutomationbo -->
    </test> <!-- Default test -->
  </suite> <!-- Default suite -->
</testng-results>
